Traceback (most recent call last):
  File "/opt/jupyterhub/lib/python3.8/site-packages/jupyter_cache/executors/utils.py", line 51, in single_nb_execution
    executenb(
  File "/opt/jupyterhub/lib/python3.8/site-packages/nbclient/client.py", line 1087, in execute
    return NotebookClient(nb=nb, resources=resources, km=km, **kwargs).execute()
  File "/opt/jupyterhub/lib/python3.8/site-packages/nbclient/util.py", line 74, in wrapped
    return just_run(coro(*args, **kwargs))
  File "/opt/jupyterhub/lib/python3.8/site-packages/nbclient/util.py", line 53, in just_run
    return loop.run_until_complete(coro)
  File "/usr/lib/python3.8/asyncio/base_events.py", line 616, in run_until_complete
    return future.result()
  File "/opt/jupyterhub/lib/python3.8/site-packages/nbclient/client.py", line 540, in async_execute
    await self.async_execute_cell(
  File "/opt/jupyterhub/lib/python3.8/site-packages/nbclient/client.py", line 832, in async_execute_cell
    self._check_raise_for_error(cell, exec_reply)
  File "/opt/jupyterhub/lib/python3.8/site-packages/nbclient/client.py", line 740, in _check_raise_for_error
    raise CellExecutionError.from_cell_and_msg(cell, exec_reply['content'])
nbclient.exceptions.CellExecutionError: An error occurred while executing the following cell:
------------------
victorVector = [0,12,24,36,48,60,72,84,96]
MyScalar = input("Enter scalar value \n")
MyScalar = float(MyScalar)  # force a float
# now perform element-by-element multiplication
for i in range(0,len(victorVector),1):
    victorVector[i] = MyScalar * victorVector[i] # this will change contents of amatrix
print(victorVector)
------------------

[0;31m---------------------------------------------------------------------------[0m
[0;31mStdinNotImplementedError[0m                  Traceback (most recent call last)
[0;32m<ipython-input-14-c9a3ef02f6a3>[0m in [0;36m<module>[0;34m[0m
[1;32m      1[0m [0mvictorVector[0m [0;34m=[0m [0;34m[[0m[0;36m0[0m[0;34m,[0m[0;36m12[0m[0;34m,[0m[0;36m24[0m[0;34m,[0m[0;36m36[0m[0;34m,[0m[0;36m48[0m[0;34m,[0m[0;36m60[0m[0;34m,[0m[0;36m72[0m[0;34m,[0m[0;36m84[0m[0;34m,[0m[0;36m96[0m[0;34m][0m[0;34m[0m[0;34m[0m[0m
[0;32m----> 2[0;31m [0mMyScalar[0m [0;34m=[0m [0minput[0m[0;34m([0m[0;34m"Enter scalar value \n"[0m[0;34m)[0m[0;34m[0m[0;34m[0m[0m
[0m[1;32m      3[0m [0mMyScalar[0m [0;34m=[0m [0mfloat[0m[0;34m([0m[0mMyScalar[0m[0;34m)[0m  [0;31m# force a float[0m[0;34m[0m[0;34m[0m[0m
[1;32m      4[0m [0;31m# now perform element-by-element multiplication[0m[0;34m[0m[0;34m[0m[0;34m[0m[0m
[1;32m      5[0m [0;32mfor[0m [0mi[0m [0;32min[0m [0mrange[0m[0;34m([0m[0;36m0[0m[0;34m,[0m[0mlen[0m[0;34m([0m[0mvictorVector[0m[0;34m)[0m[0;34m,[0m[0;36m1[0m[0;34m)[0m[0;34m:[0m[0;34m[0m[0;34m[0m[0m

[0;32m/opt/jupyterhub/lib/python3.8/site-packages/ipykernel/kernelbase.py[0m in [0;36mraw_input[0;34m(self, prompt)[0m
[1;32m    855[0m         """
[1;32m    856[0m         [0;32mif[0m [0;32mnot[0m [0mself[0m[0;34m.[0m[0m_allow_stdin[0m[0;34m:[0m[0;34m[0m[0;34m[0m[0m
[0;32m--> 857[0;31m             raise StdinNotImplementedError(
[0m[1;32m    858[0m                 [0;34m"raw_input was called, but this frontend does not support input requests."[0m[0;34m[0m[0;34m[0m[0m
[1;32m    859[0m             )

[0;31mStdinNotImplementedError[0m: raw_input was called, but this frontend does not support input requests.
StdinNotImplementedError: raw_input was called, but this frontend does not support input requests.

