Traceback (most recent call last):
  File "/opt/jupyterhub/lib/python3.8/site-packages/jupyter_cache/executors/utils.py", line 51, in single_nb_execution
    executenb(
  File "/opt/jupyterhub/lib/python3.8/site-packages/nbclient/client.py", line 1087, in execute
    return NotebookClient(nb=nb, resources=resources, km=km, **kwargs).execute()
  File "/opt/jupyterhub/lib/python3.8/site-packages/nbclient/util.py", line 74, in wrapped
    return just_run(coro(*args, **kwargs))
  File "/opt/jupyterhub/lib/python3.8/site-packages/nbclient/util.py", line 53, in just_run
    return loop.run_until_complete(coro)
  File "/usr/lib/python3.8/asyncio/base_events.py", line 616, in run_until_complete
    return future.result()
  File "/opt/jupyterhub/lib/python3.8/site-packages/nbclient/client.py", line 540, in async_execute
    await self.async_execute_cell(
  File "/opt/jupyterhub/lib/python3.8/site-packages/nbclient/client.py", line 832, in async_execute_cell
    self._check_raise_for_error(cell, exec_reply)
  File "/opt/jupyterhub/lib/python3.8/site-packages/nbclient/client.py", line 740, in _check_raise_for_error
    raise CellExecutionError.from_cell_and_msg(cell, exec_reply['content'])
nbclient.exceptions.CellExecutionError: An error occurred while executing the following cell:
------------------
localfile = open("x.txt","r") # connect and read file for VECTOR x
for line in localfile:
    xvector.append(float(line))  # vector read different -- just float the line
    rowNumX += 1
localfile.close() # Disconnect the file
------------------

[0;31m---------------------------------------------------------------------------[0m
[0;31mFileNotFoundError[0m                         Traceback (most recent call last)
[0;32m<ipython-input-12-892743d157b9>[0m in [0;36m<module>[0;34m[0m
[0;32m----> 1[0;31m [0mlocalfile[0m [0;34m=[0m [0mopen[0m[0;34m([0m[0;34m"x.txt"[0m[0;34m,[0m[0;34m"r"[0m[0;34m)[0m [0;31m# connect and read file for VECTOR x[0m[0;34m[0m[0;34m[0m[0m
[0m[1;32m      2[0m [0;32mfor[0m [0mline[0m [0;32min[0m [0mlocalfile[0m[0;34m:[0m[0;34m[0m[0;34m[0m[0m
[1;32m      3[0m     [0mxvector[0m[0;34m.[0m[0mappend[0m[0;34m([0m[0mfloat[0m[0;34m([0m[0mline[0m[0;34m)[0m[0;34m)[0m  [0;31m# vector read different -- just float the line[0m[0;34m[0m[0;34m[0m[0m
[1;32m      4[0m     [0mrowNumX[0m [0;34m+=[0m [0;36m1[0m[0;34m[0m[0;34m[0m[0m
[1;32m      5[0m [0mlocalfile[0m[0;34m.[0m[0mclose[0m[0;34m([0m[0;34m)[0m [0;31m# Disconnect the file[0m[0;34m[0m[0;34m[0m[0m

[0;31mFileNotFoundError[0m: [Errno 2] No such file or directory: 'x.txt'
FileNotFoundError: [Errno 2] No such file or directory: 'x.txt'

